[ 14:09:14 ] Cek system
[ 14:09:14 ] Get all data patient information
[ 14:09:14 ] Generating [1]: 1307R0020223V007136
[ 14:09:14 ] Generating [2]: 1307R0020223V007136
[ 14:09:14 ] Generating [3]: 1307R0020223V007136
[ 14:09:14 ] Generating [4]: 1307R0020223V007136
[ 14:09:14 ] Generating [5]: 1307R0020223V007136
[ 14:09:14 ] Generating [6]: 1307R0020223V007136
[ 14:09:14 ] Generating [7]: 1307R0020223V007136
[ 14:09:14 ] Generating [8]: 1307R0020223V007136
[ 14:09:14 ] Generating [9]: 1307R0020223V007136
[ 14:09:14 ] Generating [1]: 1307R0020423V002813
[ 14:09:14 ] Generating [2]: 1307R0020423V002813
[ 14:09:14 ] Generating [3]: 1307R0020423V002813
[ 14:09:14 ] Generating [4]: 1307R0020423V002813
[ 14:09:14 ] Generating [5]: 1307R0020423V002813
[ 14:09:14 ] Generating [6]: 1307R0020423V002813
[ 14:09:14 ] Generating [7]: 1307R0020423V002813
[ 14:09:14 ] Generating [8]: 1307R0020423V002813
[ 14:09:14 ] Generating [9]: 1307R0020423V002813
[ 14:09:14 ] Generating [1]: 1307R0020323V006725
[ 14:09:14 ] Generating [2]: 1307R0020323V006725
[ 14:09:14 ] Generating [3]: 1307R0020323V006725
[ 14:09:14 ] Generating [4]: 1307R0020323V006725
[ 14:09:14 ] Generating [5]: 1307R0020323V006725
[ 14:09:14 ] Generating [6]: 1307R0020323V006725
[ 14:09:14 ] Generating [7]: 1307R0020323V006725
[ 14:09:14 ] Generating [8]: 1307R0020323V006725
[ 14:09:14 ] Generating [9]: 1307R0020323V006725
[ 14:09:14 ] Generating [1]: 1307R0020323V001085
[ 14:09:14 ] Generating [2]: 1307R0020323V001085
[ 14:09:14 ] Generating [3]: 1307R0020323V001085
[ 14:09:14 ] Generating [4]: 1307R0020323V001085
[ 14:09:14 ] Generating [5]: 1307R0020323V001085
[ 14:09:14 ] Generating [6]: 1307R0020323V001085
[ 14:09:14 ] Generating [7]: 1307R0020323V001085
[ 14:09:14 ] Generating [8]: 1307R0020323V001085
[ 14:09:14 ] Generating [9]: 1307R0020323V001085
[ 14:09:14 ] Generating [1]: 1307R0020523V001955
[ 14:09:14 ] Generating [2]: 1307R0020523V001955
[ 14:09:14 ] Generating [3]: 1307R0020523V001955
[ 14:09:14 ] Generating [4]: 1307R0020523V001955
[ 14:09:14 ] Generating [5]: 1307R0020523V001955
[ 14:09:14 ] Generating [6]: 1307R0020523V001955
[ 14:09:14 ] Generating [7]: 1307R0020523V001955
[ 14:09:14 ] Generating [8]: 1307R0020523V001955
[ 14:09:14 ] Generating [9]: 1307R0020523V001955
[ 14:09:14 ] Generating [1]: 1307R0020323V008811
[ 14:09:14 ] Generating [2]: 1307R0020323V008811
[ 14:09:14 ] Generating [3]: 1307R0020323V008811
[ 14:09:14 ] Generating [4]: 1307R0020323V008811
[ 14:09:14 ] Generating [5]: 1307R0020323V008811
[ 14:09:14 ] Generating [6]: 1307R0020323V008811
[ 14:09:14 ] Generating [7]: 1307R0020323V008811
[ 14:09:14 ] Generating [8]: 1307R0020323V008811
[ 14:09:14 ] Generating [9]: 1307R0020323V008811
[ 14:09:14 ] Generating [1]: 1307R0020223V005101
[ 14:09:14 ] Generating [2]: 1307R0020223V005101
[ 14:09:14 ] Generating [3]: 1307R0020223V005101
[ 14:09:14 ] Generating [4]: 1307R0020223V005101
[ 14:09:14 ] Generating [5]: 1307R0020223V005101
[ 14:09:14 ] Generating [6]: 1307R0020223V005101
[ 14:09:14 ] Generating [7]: 1307R0020223V005101
[ 14:09:14 ] Generating [8]: 1307R0020223V005101
[ 14:09:14 ] Generating [9]: 1307R0020223V005101
[ 14:09:14 ] Generating [1]: 1307R0020323V002722
[ 14:09:14 ] Generating [2]: 1307R0020323V002722
[ 14:09:14 ] Generating [3]: 1307R0020323V002722
[ 14:09:14 ] Generating [4]: 1307R0020323V002722
[ 14:09:14 ] Generating [5]: 1307R0020323V002722
[ 14:09:14 ] Generating [6]: 1307R0020323V002722
[ 14:09:14 ] Generating [7]: 1307R0020323V002722
[ 14:09:14 ] Generating [8]: 1307R0020323V002722
[ 14:09:14 ] Generating [9]: 1307R0020323V002722
[ 14:09:14 ] Generating [1]: 1307R0020323V001213
[ 14:09:14 ] Generating [2]: 1307R0020323V001213
[ 14:09:14 ] Generating [3]: 1307R0020323V001213
[ 14:09:14 ] Generating [4]: 1307R0020323V001213
[ 14:09:14 ] Generating [5]: 1307R0020323V001213
[ 14:09:14 ] Generating [6]: 1307R0020323V001213
[ 14:09:14 ] Generating [7]: 1307R0020323V001213
[ 14:09:14 ] Generating [8]: 1307R0020323V001213
[ 14:09:14 ] Generating [9]: 1307R0020323V001213
[ 14:09:14 ] Generating [1]: 1307R0020423V006414
[ 14:09:14 ] Generating [2]: 1307R0020423V006414
[ 14:09:14 ] Generating [3]: 1307R0020423V006414
[ 14:09:14 ] Generating [4]: 1307R0020423V006414
[ 14:09:14 ] Generating [5]: 1307R0020423V006414
[ 14:09:14 ] Generating [6]: 1307R0020423V006414
[ 14:09:14 ] Generating [7]: 1307R0020423V006414
[ 14:09:14 ] Generating [8]: 1307R0020423V006414
[ 14:09:14 ] Generating [9]: 1307R0020423V006414
[ 14:09:14 ] Generating [1]: 1307R0020523V001728
[ 14:09:14 ] Generating [2]: 1307R0020523V001728
[ 14:09:14 ] Generating [3]: 1307R0020523V001728
[ 14:09:14 ] Generating [4]: 1307R0020523V001728
[ 14:09:14 ] Generating [5]: 1307R0020523V001728
[ 14:09:15 ] Generating [6]: 1307R0020523V001728
[ 14:09:15 ] Generating [7]: 1307R0020523V001728
[ 14:09:15 ] Generating [8]: 1307R0020523V001728
[ 14:09:15 ] Generating [9]: 1307R0020523V001728
[ 14:09:15 ] Generating [1]: 1307R0020423V004223
[ 14:09:15 ] Generating [2]: 1307R0020423V004223
[ 14:09:15 ] Generating [3]: 1307R0020423V004223
[ 14:09:15 ] Generating [4]: 1307R0020423V004223
[ 14:09:15 ] Generating [5]: 1307R0020423V004223
[ 14:09:15 ] Generating [6]: 1307R0020423V004223
[ 14:09:15 ] Generating [7]: 1307R0020423V004223
[ 14:09:15 ] Generating [8]: 1307R0020423V004223
[ 14:09:15 ] Generating [9]: 1307R0020423V004223
[ 14:09:15 ] Generating [1]: 1307R0020323V003311
[ 14:09:15 ] Generating [2]: 1307R0020323V003311
[ 14:09:15 ] Generating [3]: 1307R0020323V003311
[ 14:09:15 ] Generating [4]: 1307R0020323V003311
[ 14:09:15 ] Generating [5]: 1307R0020323V003311
[ 14:09:15 ] Generating [6]: 1307R0020323V003311
[ 14:09:15 ] Generating [7]: 1307R0020323V003311
[ 14:09:15 ] Generating [8]: 1307R0020323V003311
[ 14:09:15 ] Generating [9]: 1307R0020323V003311
[ 14:09:15 ] Generating [1]: 1307R0020323V005648
[ 14:09:15 ] Generating [2]: 1307R0020323V005648
[ 14:09:15 ] Generating [3]: 1307R0020323V005648
[ 14:09:15 ] Generating [4]: 1307R0020323V005648
[ 14:09:15 ] Generating [5]: 1307R0020323V005648
[ 14:09:15 ] Generating [6]: 1307R0020323V005648
[ 14:09:15 ] Generating [7]: 1307R0020323V005648
[ 14:09:15 ] Generating [8]: 1307R0020323V005648
[ 14:09:15 ] Generating [9]: 1307R0020323V005648
[ 14:09:15 ] Generating [1]: 1307R0020323V007791
[ 14:09:15 ] Generating [2]: 1307R0020323V007791
[ 14:09:15 ] Generating [3]: 1307R0020323V007791
[ 14:09:15 ] Generating [4]: 1307R0020323V007791
[ 14:09:15 ] Generating [5]: 1307R0020323V007791
[ 14:09:15 ] Generating [6]: 1307R0020323V007791
[ 14:09:15 ] Generating [7]: 1307R0020323V007791
[ 14:09:15 ] Generating [8]: 1307R0020323V007791
[ 14:09:15 ] Generating [9]: 1307R0020323V007791
[ 14:09:15 ] Generating [1]: 1307R0020323V009117
[ 14:09:15 ] Generating [2]: 1307R0020323V009117
[ 14:09:15 ] Generating [3]: 1307R0020323V009117
[ 14:09:15 ] Generating [4]: 1307R0020323V009117
[ 14:09:15 ] Generating [5]: 1307R0020323V009117
[ 14:09:15 ] Generating [6]: 1307R0020323V009117
[ 14:09:15 ] Generating [7]: 1307R0020323V009117
[ 14:09:15 ] Generating [8]: 1307R0020323V009117
[ 14:09:15 ] Generating [9]: 1307R0020323V009117
[ 14:09:15 ] Generating [1]: 1307R0020323V005587
[ 14:09:15 ] Generating [2]: 1307R0020323V005587
[ 14:09:15 ] Generating [3]: 1307R0020323V005587
[ 14:09:15 ] Generating [4]: 1307R0020323V005587
[ 14:09:15 ] Generating [5]: 1307R0020323V005587
[ 14:09:15 ] Generating [6]: 1307R0020323V005587
[ 14:09:15 ] Generating [7]: 1307R0020323V005587
[ 14:09:15 ] Generating [8]: 1307R0020323V005587
[ 14:09:15 ] Generating [9]: 1307R0020323V005587
[ 14:09:15 ] Generating [1]: 1307R0020523V000482
[ 14:09:15 ] Generating [2]: 1307R0020523V000482
[ 14:09:15 ] Generating [3]: 1307R0020523V000482
[ 14:09:15 ] Generating [4]: 1307R0020523V000482
[ 14:09:15 ] Generating [5]: 1307R0020523V000482
[ 14:09:15 ] Generating [6]: 1307R0020523V000482
[ 14:09:15 ] Generating [7]: 1307R0020523V000482
[ 14:09:15 ] Generating [8]: 1307R0020523V000482
[ 14:09:15 ] Generating [9]: 1307R0020523V000482
[ 14:09:15 ] Generating [1]: 1307R0020423V005441
[ 14:09:15 ] Generating [2]: 1307R0020423V005441
[ 14:09:15 ] Generating [3]: 1307R0020423V005441
[ 14:09:15 ] Generating [4]: 1307R0020423V005441
[ 14:09:15 ] Generating [5]: 1307R0020423V005441
[ 14:09:15 ] Generating [6]: 1307R0020423V005441
[ 14:09:15 ] Generating [7]: 1307R0020423V005441
[ 14:09:15 ] Generating [8]: 1307R0020423V005441
[ 14:09:15 ] Generating [9]: 1307R0020423V005441
[ 14:09:15 ] Generating [1]: 1307R0020323V004727
[ 14:09:15 ] Generating [2]: 1307R0020323V004727
[ 14:09:15 ] Generating [3]: 1307R0020323V004727
[ 14:09:15 ] Generating [4]: 1307R0020323V004727
[ 14:09:15 ] Generating [5]: 1307R0020323V004727
[ 14:09:15 ] Generating [6]: 1307R0020323V004727
[ 14:09:15 ] Generating [7]: 1307R0020323V004727
[ 14:09:15 ] Generating [8]: 1307R0020323V004727
[ 14:09:15 ] Generating [9]: 1307R0020323V004727
[ 14:09:33 ] Cek system
[ 14:09:50 ] Get all data patient information
[ 14:09:55 ] Cek system
[ 14:09:55 ] Get all data patient information
[ 14:09:55 ] Generating [1]: 1307R0020223V007136
[ 14:09:55 ] Generating [2]: 1307R0020223V007136
[ 14:09:55 ] Generating [3]: 1307R0020223V007136
[ 14:09:55 ] Generating [4]: 1307R0020223V007136
[ 14:09:55 ] Generating [5]: 1307R0020223V007136
[ 14:09:55 ] Generating [6]: 1307R0020223V007136
[ 14:09:55 ] Generating [7]: 1307R0020223V007136
[ 14:09:55 ] Generating [8]: 1307R0020223V007136
[ 14:09:55 ] Generating [9]: 1307R0020223V007136
[ 14:10:54 ] Total data error generate 0
[ 14:12:34 ] Cek system
[ 14:12:34 ] Get all data patient information
[ 14:12:34 ] Generating [1]: 1307R0020223V007136
[ 14:12:34 ] Generating [2]: 1307R0020223V007136
[ 14:12:34 ] Generating [3]: 1307R0020223V007136
[ 14:12:34 ] Generating [4]: 1307R0020223V007136
[ 14:12:34 ] Generating [5]: 1307R0020223V007136
[ 14:12:34 ] Generating [6]: 1307R0020223V007136
[ 14:12:34 ] Generating [7]: 1307R0020223V007136
[ 14:12:34 ] Generating [8]: 1307R0020223V007136
[ 14:12:34 ] Generating [9]: 1307R0020223V007136
[ 14:13:28 ] Total data error generate 0
[ 14:13:28 ] Generating [save_configurate]: 1307R0020223V007136
