[ 14:09:15 ] Generating [File Lab PK 1307R0020223V007136]: 1307R0020223V007136 data not found
[ 14:09:15 ] Generating [File Radiologi 1307R0020223V007136]: 1307R0020223V007136 data not found
[ 14:09:16 ] Generating [File Laporan Operasi 1307R0020223V007136]: 1307R0020223V007136 data not found
[ 14:09:16 ] Generating [File Resume Medis Inap 1307R0020223V007136]: 1307R0020223V007136 data not found
[ 14:09:17 ] Generating [File Lab PA 1307R0020423V002813]: 1307R0020423V002813 data not found
[ 14:09:19 ] Generating [File Lab PK 1307R0020423V002813]: 1307R0020423V002813 data not found
[ 14:09:19 ] Generating [File Laporan Operasi 1307R0020423V002813]: 1307R0020423V002813 data not found
[ 14:09:19 ] Generating [File Resume Medis Inap 1307R0020423V002813]: 1307R0020423V002813 data not found
[ 14:09:22 ] Generating [File Lab PA 1307R0020323V006725]: 1307R0020323V006725 data not found
[ 14:09:22 ] Generating [File Laporan Operasi 1307R0020323V006725]: 1307R0020323V006725 data not found
[ 14:09:22 ] Generating [File Resume Medis Inap 1307R0020323V006725]: 1307R0020323V006725 data not found
[ 14:09:23 ] Generating [File Lab PA 1307R0020323V001085]: 1307R0020323V001085 data not found
[ 14:09:24 ] Generating [File Lab PK 1307R0020323V006725]: 1307R0020323V006725 data not found
[ 14:09:24 ] Generating [File Laporan Operasi 1307R0020323V001085]: 1307R0020323V001085 data not found
[ 14:09:24 ] Generating [File Resume Medis Inap 1307R0020323V001085]: 1307R0020323V001085 data not found
[ 14:09:25 ] Generating [File Lab PK 1307R0020523V001955]: 1307R0020523V001955 data not found
[ 14:09:55 ] Generating [File Resume Medis Inap 1307R0020223V007136]: 1307R0020223V007136 data not found
[ 14:09:55 ] Generating [File Laporan Operasi 1307R0020223V007136]: 1307R0020223V007136 data not found
[ 14:09:55 ] Generating [File Radiologi 1307R0020223V007136]: 1307R0020223V007136 data not found
[ 14:09:56 ] Generating [File Lab PK 1307R0020223V007136]: 1307R0020223V007136 data not found
[ 14:12:35 ] Generating [File Radiologi 1307R0020223V007136]: 1307R0020223V007136 data not found
[ 14:12:35 ] Generating [File Lab PK 1307R0020223V007136]: 1307R0020223V007136 data not found
[ 14:12:35 ] Generating [File Resume Medis Inap 1307R0020223V007136]: 1307R0020223V007136 data not found
[ 14:12:35 ] Generating [File Laporan Operasi 1307R0020223V007136]: 1307R0020223V007136 data not found
